<?xml version="1.0" encoding="UTF-8"?>
<!-- Generated by org.testng.reporters.JUnitXMLReporter -->
<testsuite ignored="0" hostname="Jarvis" failures="1" tests="3" name="Default test" time="12.837" errors="0" timestamp="2023-08-17T00:58:37 IST">
  <testcase classname="io.cucumber.testng.AbstractTestNGCucumberTests" name="runScenario" time="9.616"/>
  <testcase classname="io.cucumber.testng.AbstractTestNGCucumberTests" name="runScenario" time="2.763"/>
  <testcase classname="io.cucumber.testng.AbstractTestNGCucumberTests" name="runScenario" time="0.058">
    <failure type="org.junit.ComparisonFailure" message="expected:&amp;lt;Guru99 [Telecom]&amp;gt; but was:&amp;lt;Guru99 [Add Tariff Plan to Customer]&amp;gt;">
      <![CDATA[org.junit.ComparisonFailure: expected:<Guru99 [Telecom]> but was:<Guru99 [Add Tariff Plan to Customer]>
at org.junit.Assert.assertEquals(Assert.java:117)
at org.junit.Assert.assertEquals(Assert.java:146)
at StepDefination.AddTariffPlanToCustomerPageStepDef.user_is_on_home_page_then_click_on_add_tariff_to_customer_plan_link(AddTariffPlanToCustomerPageStepDef.java:19)
at ✽.User is on Home page then click on add tariff to customer plan link(file:///E:/GitProjects/guru99bdd/OneDrive/Desktop/GaneshBdd/Guru99Telecom/AllFeatureFile/TC_001_AddCustomer.feature:19)
]]>
    </failure>
  </testcase> <!-- runScenario -->
</testsuite> <!-- Default test -->
