<?xml version="1.0" encoding="UTF-8"?>
<testng-results ignored="0" total="2" passed="2" failed="0" skipped="0">
  <reporter-output>
  </reporter-output>
  <suite started-at="2023-08-15T22:47:14 IST" name="Default suite" finished-at="2023-08-15T22:47:43 IST" duration-ms="29279">
    <groups>
      <group name="cucumber">
        <method signature="AbstractTestNGCucumberTests.runScenario(io.cucumber.testng.PickleWrapper,io.cucumber.testng.FeatureWrapper)[pri:0, instance:TestRunner.RunnerClass@738dc9b]" name="runScenario" class="io.cucumber.testng.AbstractTestNGCucumberTests"/>
      </group> <!-- cucumber -->
    </groups>
    <test started-at="2023-08-15T22:47:14 IST" name="Default test" finished-at="2023-08-15T22:47:43 IST" duration-ms="29279">
      <class name="TestRunner.RunnerClass">
        <test-method is-config="true" signature="setUpClass(org.testng.ITestContext)[pri:0, instance:TestRunner.RunnerClass@738dc9b]" started-at="2023-08-15T22:47:14 IST" name="setUpClass" finished-at="2023-08-15T22:47:14 IST" duration-ms="574" status="PASS">
          <params>
            <param index="0">
              <value>
                <![CDATA[org.testng.TestRunner@588545ac]]>
              </value>
            </param>
          </params>
          <reporter-output>
          </reporter-output>
        </test-method> <!-- setUpClass -->
        <test-method signature="runScenario(io.cucumber.testng.PickleWrapper,io.cucumber.testng.FeatureWrapper)[pri:0, instance:TestRunner.RunnerClass@738dc9b]" started-at="2023-08-15T22:47:14 IST" name="runScenario" description="Runs Cucumber Scenarios" data-provider="scenarios" finished-at="2023-08-15T22:47:37 IST" duration-ms="22439" status="PASS">
          <params>
            <param index="0">
              <value>
                <![CDATA["Test Add Customer Page Fuctionality"]]>
              </value>
            </param>
            <param index="1">
              <value>
                <![CDATA["Test Guru99 Telecom Application"]]>
              </value>
            </param>
          </params>
          <reporter-output>
          </reporter-output>
        </test-method> <!-- runScenario -->
        <test-method signature="runScenario(io.cucumber.testng.PickleWrapper,io.cucumber.testng.FeatureWrapper)[pri:0, instance:TestRunner.RunnerClass@738dc9b]" started-at="2023-08-15T22:47:37 IST" name="runScenario" description="Runs Cucumber Scenarios" data-provider="scenarios" finished-at="2023-08-15T22:47:43 IST" duration-ms="6199" status="PASS">
          <params>
            <param index="0">
              <value>
                <![CDATA["Test Add Tariff plan page fuctionality"]]>
              </value>
            </param>
            <param index="1">
              <value>
                <![CDATA["Test Guru99 Telecom Application"]]>
              </value>
            </param>
          </params>
          <reporter-output>
          </reporter-output>
        </test-method> <!-- runScenario -->
        <test-method is-config="true" signature="tearDownClass()[pri:0, instance:TestRunner.RunnerClass@738dc9b]" started-at="2023-08-15T22:47:43 IST" name="tearDownClass" finished-at="2023-08-15T22:47:43 IST" duration-ms="13" status="PASS">
          <reporter-output>
          </reporter-output>
        </test-method> <!-- tearDownClass -->
      </class> <!-- TestRunner.RunnerClass -->
    </test> <!-- Default test -->
  </suite> <!-- Default suite -->
</testng-results>
